0 info it worked if it ends with ok
1 verbose cli [ 'node', '/usr/local/bin/npm', 'install', 'ngroute' ]
2 info using npm@2.5.1
3 info using node@v0.12.0
4 verbose config Skipping project config: /Users/Sean/.npmrc. (matches userconfig)
5 warn package.json parse@1.3.5 No repository field.
6 warn package.json twitter-js-client@0.0.5 No repository field.
7 silly cache add args [ 'ngroute', null ]
8 verbose cache add spec ngroute
9 silly cache add parsed spec { raw: 'ngroute',
9 silly cache add   scope: null,
9 silly cache add   name: 'ngroute',
9 silly cache add   rawSpec: '',
9 silly cache add   spec: '*',
9 silly cache add   type: 'range' }
10 verbose addNamed ngroute@*
11 silly addNamed semver.valid null
12 silly addNamed semver.validRange *
13 silly addNameRange { name: 'ngroute', range: '*', hasData: false }
14 silly mapToRegistry name ngroute
15 silly mapToRegistry using default registry
16 silly mapToRegistry registry https://registry.npmjs.org/
17 silly mapToRegistry uri https://registry.npmjs.org/ngroute
18 verbose addNameRange registry:https://registry.npmjs.org/ngroute not in flight; fetching
19 verbose request uri https://registry.npmjs.org/ngroute
20 verbose request no auth needed
21 info attempt registry request try #1 at 1:27:29 PM
22 verbose request id cdd4aefaa984623e
23 http request GET https://registry.npmjs.org/ngroute
24 http 404 https://registry.npmjs.org/ngroute
25 verbose headers { server: 'CouchDB/1.5.0 (Erlang OTP/R16B03)',
25 verbose headers   'content-type': 'application/json',
25 verbose headers   'cache-control': 'max-age=0',
25 verbose headers   'content-length': '51',
25 verbose headers   'accept-ranges': 'bytes',
25 verbose headers   date: 'Mon, 04 May 2015 17:27:29 GMT',
25 verbose headers   via: '1.1 varnish',
25 verbose headers   age: '0',
25 verbose headers   connection: 'keep-alive',
25 verbose headers   'x-served-by': 'cache-dfw1823-DFW',
25 verbose headers   'x-cache': 'MISS',
25 verbose headers   'x-cache-hits': '0',
25 verbose headers   'x-timer': 'S1430760449.415623,VS0,VE197' }
26 silly get cb [ 404,
26 silly get   { server: 'CouchDB/1.5.0 (Erlang OTP/R16B03)',
26 silly get     'content-type': 'application/json',
26 silly get     'cache-control': 'max-age=0',
26 silly get     'content-length': '51',
26 silly get     'accept-ranges': 'bytes',
26 silly get     date: 'Mon, 04 May 2015 17:27:29 GMT',
26 silly get     via: '1.1 varnish',
26 silly get     age: '0',
26 silly get     connection: 'keep-alive',
26 silly get     'x-served-by': 'cache-dfw1823-DFW',
26 silly get     'x-cache': 'MISS',
26 silly get     'x-cache-hits': '0',
26 silly get     'x-timer': 'S1430760449.415623,VS0,VE197' } ]
27 verbose stack Error: 404 Not Found: ngroute
27 verbose stack     at CachingRegistryClient.<anonymous> (/usr/local/lib/node_modules/npm/node_modules/npm-registry-client/lib/request.js:251:14)
27 verbose stack     at Request._callback (/usr/local/lib/node_modules/npm/node_modules/npm-registry-client/lib/request.js:178:14)
27 verbose stack     at Request.self.callback (/usr/local/lib/node_modules/npm/node_modules/request/request.js:344:22)
27 verbose stack     at Request.emit (events.js:110:17)
27 verbose stack     at Request.<anonymous> (/usr/local/lib/node_modules/npm/node_modules/request/request.js:1239:14)
27 verbose stack     at Request.emit (events.js:129:20)
27 verbose stack     at IncomingMessage.<anonymous> (/usr/local/lib/node_modules/npm/node_modules/request/request.js:1187:12)
27 verbose stack     at IncomingMessage.emit (events.js:129:20)
27 verbose stack     at _stream_readable.js:908:16
27 verbose stack     at process._tickCallback (node.js:355:11)
28 verbose statusCode 404
29 verbose pkgid ngroute
30 verbose cwd /Users/Sean/capstone/soundboard
31 error Darwin 14.3.0
32 error argv "node" "/usr/local/bin/npm" "install" "ngroute"
33 error node v0.12.0
34 error npm  v2.5.1
35 error code E404
36 error 404 Not Found: ngroute
36 error 404
36 error 404 'ngroute' is not in the npm registry.
36 error 404 You should bug the author to publish it (or use the name yourself!)
36 error 404
36 error 404 Note that you can also install from a
36 error 404 tarball, folder, http url, or git url.
37 verbose exit [ 1, true ]
